<?xml version="1.0" encoding="UTF-8"?>
<testsuite xmlns:xsi="http://www.w3.org/2001/XMLSchema-instance" xsi:noNamespaceSchemaLocation="https://maven.apache.org/surefire/maven-surefire-plugin/xsd/surefire-test-report.xsd" name="com.endsystem.EndSystemApplicationTests" time="4.143" tests="1" errors="0" skipped="0" failures="0">
  <properties>
    <property name="sun.desktop" value="windows"/>
    <property name="awt.toolkit" value="sun.awt.windows.WToolkit"/>
    <property name="java.specification.version" value="11"/>
    <property name="sun.cpu.isalist" value="amd64"/>
    <property name="sun.jnu.encoding" value="GBK"/>
    <property name="java.class.path" value="D:\SDN\EndSystem\target\test-classes;D:\SDN\EndSystem\target\classes;C:\apache-maven-3.6.3\apache-maven-3.6.3\repository\io\reactivex\rxjava2\rxjava\2.2.21\rxjava-2.2.21.jar;C:\apache-maven-3.6.3\apache-maven-3.6.3\repository\org\reactivestreams\reactive-streams\1.0.3\reactive-streams-1.0.3.jar;C:\apache-maven-3.6.3\apache-maven-3.6.3\repository\org\springframework\boot\spring-boot-starter-webflux\2.5.0\spring-boot-starter-webflux-2.5.0.jar;C:\apache-maven-3.6.3\apache-maven-3.6.3\repository\org\springframework\boot\spring-boot-starter-json\2.5.0\spring-boot-starter-json-2.5.0.jar;C:\apache-maven-3.6.3\apache-maven-3.6.3\repository\com\fasterxml\jackson\core\jackson-databind\2.12.3\jackson-databind-2.12.3.jar;C:\apache-maven-3.6.3\apache-maven-3.6.3\repository\com\fasterxml\jackson\core\jackson-core\2.12.3\jackson-core-2.12.3.jar;C:\apache-maven-3.6.3\apache-maven-3.6.3\repository\com\fasterxml\jackson\datatype\jackson-datatype-jdk8\2.12.3\jackson-datatype-jdk8-2.12.3.jar;C:\apache-maven-3.6.3\apache-maven-3.6.3\repository\com\fasterxml\jackson\datatype\jackson-datatype-jsr310\2.12.3\jackson-datatype-jsr310-2.12.3.jar;C:\apache-maven-3.6.3\apache-maven-3.6.3\repository\com\fasterxml\jackson\module\jackson-module-parameter-names\2.12.3\jackson-module-parameter-names-2.12.3.jar;C:\apache-maven-3.6.3\apache-maven-3.6.3\repository\org\springframework\boot\spring-boot-starter-reactor-netty\2.5.0\spring-boot-starter-reactor-netty-2.5.0.jar;C:\apache-maven-3.6.3\apache-maven-3.6.3\repository\io\projectreactor\netty\reactor-netty-http\1.0.7\reactor-netty-http-1.0.7.jar;C:\apache-maven-3.6.3\apache-maven-3.6.3\repository\io\netty\netty-codec-http\4.1.65.Final\netty-codec-http-4.1.65.Final.jar;C:\apache-maven-3.6.3\apache-maven-3.6.3\repository\io\netty\netty-common\4.1.65.Final\netty-common-4.1.65.Final.jar;C:\apache-maven-3.6.3\apache-maven-3.6.3\repository\io\netty\netty-buffer\4.1.65.Final\netty-buffer-4.1.65.Final.jar;C:\apache-maven-3.6.3\apache-maven-3.6.3\repository\io\netty\netty-transport\4.1.65.Final\netty-transport-4.1.65.Final.jar;C:\apache-maven-3.6.3\apache-maven-3.6.3\repository\io\netty\netty-codec\4.1.65.Final\netty-codec-4.1.65.Final.jar;C:\apache-maven-3.6.3\apache-maven-3.6.3\repository\io\netty\netty-handler\4.1.65.Final\netty-handler-4.1.65.Final.jar;C:\apache-maven-3.6.3\apache-maven-3.6.3\repository\io\netty\netty-codec-http2\4.1.65.Final\netty-codec-http2-4.1.65.Final.jar;C:\apache-maven-3.6.3\apache-maven-3.6.3\repository\io\netty\netty-resolver-dns\4.1.65.Final\netty-resolver-dns-4.1.65.Final.jar;C:\apache-maven-3.6.3\apache-maven-3.6.3\repository\io\netty\netty-resolver\4.1.65.Final\netty-resolver-4.1.65.Final.jar;C:\apache-maven-3.6.3\apache-maven-3.6.3\repository\io\netty\netty-codec-dns\4.1.65.Final\netty-codec-dns-4.1.65.Final.jar;C:\apache-maven-3.6.3\apache-maven-3.6.3\repository\io\netty\netty-resolver-dns-native-macos\4.1.65.Final\netty-resolver-dns-native-macos-4.1.65.Final-osx-x86_64.jar;C:\apache-maven-3.6.3\apache-maven-3.6.3\repository\io\netty\netty-transport-native-unix-common\4.1.65.Final\netty-transport-native-unix-common-4.1.65.Final.jar;C:\apache-maven-3.6.3\apache-maven-3.6.3\repository\io\netty\netty-transport-native-epoll\4.1.65.Final\netty-transport-native-epoll-4.1.65.Final-linux-x86_64.jar;C:\apache-maven-3.6.3\apache-maven-3.6.3\repository\io\projectreactor\netty\reactor-netty-core\1.0.7\reactor-netty-core-1.0.7.jar;C:\apache-maven-3.6.3\apache-maven-3.6.3\repository\io\netty\netty-handler-proxy\4.1.65.Final\netty-handler-proxy-4.1.65.Final.jar;C:\apache-maven-3.6.3\apache-maven-3.6.3\repository\io\netty\netty-codec-socks\4.1.65.Final\netty-codec-socks-4.1.65.Final.jar;C:\apache-maven-3.6.3\apache-maven-3.6.3\repository\org\springframework\spring-web\5.3.7\spring-web-5.3.7.jar;C:\apache-maven-3.6.3\apache-maven-3.6.3\repository\org\springframework\spring-beans\5.3.7\spring-beans-5.3.7.jar;C:\apache-maven-3.6.3\apache-maven-3.6.3\repository\org\springframework\spring-webflux\5.3.7\spring-webflux-5.3.7.jar;C:\apache-maven-3.6.3\apache-maven-3.6.3\repository\io\projectreactor\reactor-test\3.4.6\reactor-test-3.4.6.jar;C:\apache-maven-3.6.3\apache-maven-3.6.3\repository\io\projectreactor\reactor-core\3.4.6\reactor-core-3.4.6.jar;C:\apache-maven-3.6.3\apache-maven-3.6.3\repository\org\apache\logging\log4j\log4j-jcl\2.12.1\log4j-jcl-2.12.1.jar;C:\apache-maven-3.6.3\apache-maven-3.6.3\repository\commons-logging\commons-logging\1.2\commons-logging-1.2.jar;C:\apache-maven-3.6.3\apache-maven-3.6.3\repository\org\apache\logging\log4j\log4j-api\2.14.1\log4j-api-2.14.1.jar;C:\apache-maven-3.6.3\apache-maven-3.6.3\repository\org\apache\logging\log4j\log4j-core\2.12.1\log4j-core-2.12.1.jar;C:\apache-maven-3.6.3\apache-maven-3.6.3\repository\org\springframework\boot\spring-boot-starter\2.5.0\spring-boot-starter-2.5.0.jar;C:\apache-maven-3.6.3\apache-maven-3.6.3\repository\org\springframework\boot\spring-boot\2.5.0\spring-boot-2.5.0.jar;C:\apache-maven-3.6.3\apache-maven-3.6.3\repository\org\springframework\spring-context\5.3.7\spring-context-5.3.7.jar;C:\apache-maven-3.6.3\apache-maven-3.6.3\repository\org\springframework\spring-expression\5.3.7\spring-expression-5.3.7.jar;C:\apache-maven-3.6.3\apache-maven-3.6.3\repository\org\springframework\boot\spring-boot-autoconfigure\2.5.0\spring-boot-autoconfigure-2.5.0.jar;C:\apache-maven-3.6.3\apache-maven-3.6.3\repository\org\springframework\boot\spring-boot-starter-logging\2.5.0\spring-boot-starter-logging-2.5.0.jar;C:\apache-maven-3.6.3\apache-maven-3.6.3\repository\ch\qos\logback\logback-classic\1.2.3\logback-classic-1.2.3.jar;C:\apache-maven-3.6.3\apache-maven-3.6.3\repository\ch\qos\logback\logback-core\1.2.3\logback-core-1.2.3.jar;C:\apache-maven-3.6.3\apache-maven-3.6.3\repository\org\apache\logging\log4j\log4j-to-slf4j\2.14.1\log4j-to-slf4j-2.14.1.jar;C:\apache-maven-3.6.3\apache-maven-3.6.3\repository\org\slf4j\jul-to-slf4j\1.7.30\jul-to-slf4j-1.7.30.jar;C:\apache-maven-3.6.3\apache-maven-3.6.3\repository\jakarta\annotation\jakarta.annotation-api\1.3.5\jakarta.annotation-api-1.3.5.jar;C:\apache-maven-3.6.3\apache-maven-3.6.3\repository\org\springframework\spring-core\5.3.7\spring-core-5.3.7.jar;C:\apache-maven-3.6.3\apache-maven-3.6.3\repository\org\springframework\spring-jcl\5.3.7\spring-jcl-5.3.7.jar;C:\apache-maven-3.6.3\apache-maven-3.6.3\repository\org\yaml\snakeyaml\1.28\snakeyaml-1.28.jar;C:\apache-maven-3.6.3\apache-maven-3.6.3\repository\org\mybatis\spring\boot\mybatis-spring-boot-starter\2.1.3\mybatis-spring-boot-starter-2.1.3.jar;C:\apache-maven-3.6.3\apache-maven-3.6.3\repository\org\springframework\boot\spring-boot-starter-jdbc\2.5.0\spring-boot-starter-jdbc-2.5.0.jar;C:\apache-maven-3.6.3\apache-maven-3.6.3\repository\com\zaxxer\HikariCP\4.0.3\HikariCP-4.0.3.jar;C:\apache-maven-3.6.3\apache-maven-3.6.3\repository\org\springframework\spring-jdbc\5.3.7\spring-jdbc-5.3.7.jar;C:\apache-maven-3.6.3\apache-maven-3.6.3\repository\org\springframework\spring-tx\5.3.7\spring-tx-5.3.7.jar;C:\apache-maven-3.6.3\apache-maven-3.6.3\repository\org\mybatis\spring\boot\mybatis-spring-boot-autoconfigure\2.1.3\mybatis-spring-boot-autoconfigure-2.1.3.jar;C:\apache-maven-3.6.3\apache-maven-3.6.3\repository\org\mybatis\mybatis\3.5.5\mybatis-3.5.5.jar;C:\apache-maven-3.6.3\apache-maven-3.6.3\repository\org\mybatis\mybatis-spring\2.0.5\mybatis-spring-2.0.5.jar;C:\apache-maven-3.6.3\apache-maven-3.6.3\repository\mysql\mysql-connector-java\8.0.25\mysql-connector-java-8.0.25.jar;C:\apache-maven-3.6.3\apache-maven-3.6.3\repository\com\alibaba\druid\1.1.21\druid-1.1.21.jar;C:\apache-maven-3.6.3\apache-maven-3.6.3\repository\com\alibaba\druid-spring-boot-starter\1.1.21\druid-spring-boot-starter-1.1.21.jar;C:\apache-maven-3.6.3\apache-maven-3.6.3\repository\org\slf4j\slf4j-api\1.7.30\slf4j-api-1.7.30.jar;C:\apache-maven-3.6.3\apache-maven-3.6.3\repository\log4j\log4j\1.2.17\log4j-1.2.17.jar;C:\apache-maven-3.6.3\apache-maven-3.6.3\repository\org\springframework\boot\spring-boot-starter-test\2.5.0\spring-boot-starter-test-2.5.0.jar;C:\apache-maven-3.6.3\apache-maven-3.6.3\repository\org\springframework\boot\spring-boot-test\2.5.0\spring-boot-test-2.5.0.jar;C:\apache-maven-3.6.3\apache-maven-3.6.3\repository\org\springframework\boot\spring-boot-test-autoconfigure\2.5.0\spring-boot-test-autoconfigure-2.5.0.jar;C:\apache-maven-3.6.3\apache-maven-3.6.3\repository\com\jayway\jsonpath\json-path\2.5.0\json-path-2.5.0.jar;C:\apache-maven-3.6.3\apache-maven-3.6.3\repository\net\minidev\json-smart\2.4.7\json-smart-2.4.7.jar;C:\apache-maven-3.6.3\apache-maven-3.6.3\repository\net\minidev\accessors-smart\2.4.7\accessors-smart-2.4.7.jar;C:\apache-maven-3.6.3\apache-maven-3.6.3\repository\org\ow2\asm\asm\9.1\asm-9.1.jar;C:\apache-maven-3.6.3\apache-maven-3.6.3\repository\jakarta\xml\bind\jakarta.xml.bind-api\2.3.3\jakarta.xml.bind-api-2.3.3.jar;C:\apache-maven-3.6.3\apache-maven-3.6.3\repository\jakarta\activation\jakarta.activation-api\1.2.2\jakarta.activation-api-1.2.2.jar;C:\apache-maven-3.6.3\apache-maven-3.6.3\repository\org\assertj\assertj-core\3.19.0\assertj-core-3.19.0.jar;C:\apache-maven-3.6.3\apache-maven-3.6.3\repository\org\hamcrest\hamcrest\2.2\hamcrest-2.2.jar;C:\apache-maven-3.6.3\apache-maven-3.6.3\repository\org\junit\jupiter\junit-jupiter\5.7.2\junit-jupiter-5.7.2.jar;C:\apache-maven-3.6.3\apache-maven-3.6.3\repository\org\junit\jupiter\junit-jupiter-api\5.7.2\junit-jupiter-api-5.7.2.jar;C:\apache-maven-3.6.3\apache-maven-3.6.3\repository\org\apiguardian\apiguardian-api\1.1.0\apiguardian-api-1.1.0.jar;C:\apache-maven-3.6.3\apache-maven-3.6.3\repository\org\opentest4j\opentest4j\1.2.0\opentest4j-1.2.0.jar;C:\apache-maven-3.6.3\apache-maven-3.6.3\repository\org\junit\platform\junit-platform-commons\1.7.2\junit-platform-commons-1.7.2.jar;C:\apache-maven-3.6.3\apache-maven-3.6.3\repository\org\junit\jupiter\junit-jupiter-params\5.7.2\junit-jupiter-params-5.7.2.jar;C:\apache-maven-3.6.3\apache-maven-3.6.3\repository\org\junit\jupiter\junit-jupiter-engine\5.7.2\junit-jupiter-engine-5.7.2.jar;C:\apache-maven-3.6.3\apache-maven-3.6.3\repository\org\junit\platform\junit-platform-engine\1.7.2\junit-platform-engine-1.7.2.jar;C:\apache-maven-3.6.3\apache-maven-3.6.3\repository\org\mockito\mockito-core\3.9.0\mockito-core-3.9.0.jar;C:\apache-maven-3.6.3\apache-maven-3.6.3\repository\net\bytebuddy\byte-buddy\1.10.22\byte-buddy-1.10.22.jar;C:\apache-maven-3.6.3\apache-maven-3.6.3\repository\net\bytebuddy\byte-buddy-agent\1.10.22\byte-buddy-agent-1.10.22.jar;C:\apache-maven-3.6.3\apache-maven-3.6.3\repository\org\objenesis\objenesis\3.2\objenesis-3.2.jar;C:\apache-maven-3.6.3\apache-maven-3.6.3\repository\org\mockito\mockito-junit-jupiter\3.9.0\mockito-junit-jupiter-3.9.0.jar;C:\apache-maven-3.6.3\apache-maven-3.6.3\repository\org\skyscreamer\jsonassert\1.5.0\jsonassert-1.5.0.jar;C:\apache-maven-3.6.3\apache-maven-3.6.3\repository\com\vaadin\external\google\android-json\0.0.20131108.vaadin1\android-json-0.0.20131108.vaadin1.jar;C:\apache-maven-3.6.3\apache-maven-3.6.3\repository\org\springframework\spring-test\5.3.7\spring-test-5.3.7.jar;C:\apache-maven-3.6.3\apache-maven-3.6.3\repository\org\xmlunit\xmlunit-core\2.8.2\xmlunit-core-2.8.2.jar;C:\apache-maven-3.6.3\apache-maven-3.6.3\repository\org\springframework\boot\spring-boot-maven-plugin\2.5.0\spring-boot-maven-plugin-2.5.0.jar;C:\apache-maven-3.6.3\apache-maven-3.6.3\repository\org\springframework\boot\spring-boot-buildpack-platform\2.5.0\spring-boot-buildpack-platform-2.5.0.jar;C:\apache-maven-3.6.3\apache-maven-3.6.3\repository\net\java\dev\jna\jna-platform\5.7.0\jna-platform-5.7.0.jar;C:\apache-maven-3.6.3\apache-maven-3.6.3\repository\net\java\dev\jna\jna\5.7.0\jna-5.7.0.jar;C:\apache-maven-3.6.3\apache-maven-3.6.3\repository\org\apache\commons\commons-compress\1.20\commons-compress-1.20.jar;C:\apache-maven-3.6.3\apache-maven-3.6.3\repository\org\apache\httpcomponents\httpclient\4.5.13\httpclient-4.5.13.jar;C:\apache-maven-3.6.3\apache-maven-3.6.3\repository\org\apache\httpcomponents\httpcore\4.4.14\httpcore-4.4.14.jar;C:\apache-maven-3.6.3\apache-maven-3.6.3\repository\commons-codec\commons-codec\1.15\commons-codec-1.15.jar;C:\apache-maven-3.6.3\apache-maven-3.6.3\repository\org\tomlj\tomlj\1.0.0\tomlj-1.0.0.jar;C:\apache-maven-3.6.3\apache-maven-3.6.3\repository\org\antlr\antlr4-runtime\4.7.2\antlr4-runtime-4.7.2.jar;C:\apache-maven-3.6.3\apache-maven-3.6.3\repository\com\google\code\findbugs\jsr305\3.0.2\jsr305-3.0.2.jar;C:\apache-maven-3.6.3\apache-maven-3.6.3\repository\org\springframework\boot\spring-boot-loader-tools\2.5.0\spring-boot-loader-tools-2.5.0.jar;C:\apache-maven-3.6.3\apache-maven-3.6.3\repository\org\apache\maven\shared\maven-common-artifact-filters\3.2.0\maven-common-artifact-filters-3.2.0.jar;C:\apache-maven-3.6.3\apache-maven-3.6.3\repository\org\apache\maven\maven-artifact\3.1.1\maven-artifact-3.1.1.jar;C:\apache-maven-3.6.3\apache-maven-3.6.3\repository\org\apache\maven\maven-model\3.1.1\maven-model-3.1.1.jar;C:\apache-maven-3.6.3\apache-maven-3.6.3\repository\org\apache\maven\maven-core\3.1.1\maven-core-3.1.1.jar;C:\apache-maven-3.6.3\apache-maven-3.6.3\repository\org\apache\maven\maven-settings\3.1.1\maven-settings-3.1.1.jar;C:\apache-maven-3.6.3\apache-maven-3.6.3\repository\org\apache\maven\maven-settings-builder\3.1.1\maven-settings-builder-3.1.1.jar;C:\apache-maven-3.6.3\apache-maven-3.6.3\repository\org\apache\maven\maven-repository-metadata\3.1.1\maven-repository-metadata-3.1.1.jar;C:\apache-maven-3.6.3\apache-maven-3.6.3\repository\org\apache\maven\maven-model-builder\3.1.1\maven-model-builder-3.1.1.jar;C:\apache-maven-3.6.3\apache-maven-3.6.3\repository\org\apache\maven\maven-aether-provider\3.1.1\maven-aether-provider-3.1.1.jar;C:\apache-maven-3.6.3\apache-maven-3.6.3\repository\org\eclipse\aether\aether-spi\0.9.0.M2\aether-spi-0.9.0.M2.jar;C:\apache-maven-3.6.3\apache-maven-3.6.3\repository\org\eclipse\aether\aether-impl\0.9.0.M2\aether-impl-0.9.0.M2.jar;C:\apache-maven-3.6.3\apache-maven-3.6.3\repository\org\codehaus\plexus\plexus-interpolation\1.19\plexus-interpolation-1.19.jar;C:\apache-maven-3.6.3\apache-maven-3.6.3\repository\org\codehaus\plexus\plexus-component-annotations\1.5.5\plexus-component-annotations-1.5.5.jar;C:\apache-maven-3.6.3\apache-maven-3.6.3\repository\org\sonatype\plexus\plexus-sec-dispatcher\1.3\plexus-sec-dispatcher-1.3.jar;C:\apache-maven-3.6.3\apache-maven-3.6.3\repository\org\sonatype\plexus\plexus-cipher\1.4\plexus-cipher-1.4.jar;C:\apache-maven-3.6.3\apache-maven-3.6.3\repository\commons-io\commons-io\2.6\commons-io-2.6.jar;C:\apache-maven-3.6.3\apache-maven-3.6.3\repository\org\eclipse\aether\aether-api\0.9.0.M2\aether-api-0.9.0.M2.jar;C:\apache-maven-3.6.3\apache-maven-3.6.3\repository\org\eclipse\aether\aether-util\0.9.0.M2\aether-util-0.9.0.M2.jar;C:\apache-maven-3.6.3\apache-maven-3.6.3\repository\org\eclipse\sisu\org.eclipse.sisu.plexus\0.0.0.M5\org.eclipse.sisu.plexus-0.0.0.M5.jar;C:\apache-maven-3.6.3\apache-maven-3.6.3\repository\javax\enterprise\cdi-api\1.0\cdi-api-1.0.jar;C:\apache-maven-3.6.3\apache-maven-3.6.3\repository\javax\annotation\jsr250-api\1.0\jsr250-api-1.0.jar;C:\apache-maven-3.6.3\apache-maven-3.6.3\repository\javax\inject\javax.inject\1\javax.inject-1.jar;C:\apache-maven-3.6.3\apache-maven-3.6.3\repository\org\sonatype\sisu\sisu-guice\3.1.0\sisu-guice-3.1.0-no_aop.jar;C:\apache-maven-3.6.3\apache-maven-3.6.3\repository\aopalliance\aopalliance\1.0\aopalliance-1.0.jar;C:\apache-maven-3.6.3\apache-maven-3.6.3\repository\org\eclipse\sisu\org.eclipse.sisu.inject\0.0.0.M5\org.eclipse.sisu.inject-0.0.0.M5.jar;C:\apache-maven-3.6.3\apache-maven-3.6.3\repository\org\apache\maven\shared\maven-shared-utils\3.3.3\maven-shared-utils-3.3.3.jar;C:\apache-maven-3.6.3\apache-maven-3.6.3\repository\org\apache\maven\maven-plugin-api\3.6.3\maven-plugin-api-3.6.3.jar;C:\apache-maven-3.6.3\apache-maven-3.6.3\repository\org\codehaus\plexus\plexus-utils\3.2.1\plexus-utils-3.2.1.jar;C:\apache-maven-3.6.3\apache-maven-3.6.3\repository\org\codehaus\plexus\plexus-classworlds\2.6.0\plexus-classworlds-2.6.0.jar;C:\apache-maven-3.6.3\apache-maven-3.6.3\repository\org\sonatype\plexus\plexus-build-api\0.0.7\plexus-build-api-0.0.7.jar;C:\apache-maven-3.6.3\apache-maven-3.6.3\repository\org\mybatis\generator\mybatis-generator-core\1.3.5\mybatis-generator-core-1.3.5.jar;C:\apache-maven-3.6.3\apache-maven-3.6.3\repository\io\springfox\springfox-swagger2\2.9.2\springfox-swagger2-2.9.2.jar;C:\apache-maven-3.6.3\apache-maven-3.6.3\repository\io\swagger\swagger-annotations\1.5.20\swagger-annotations-1.5.20.jar;C:\apache-maven-3.6.3\apache-maven-3.6.3\repository\io\swagger\swagger-models\1.5.20\swagger-models-1.5.20.jar;C:\apache-maven-3.6.3\apache-maven-3.6.3\repository\com\fasterxml\jackson\core\jackson-annotations\2.12.3\jackson-annotations-2.12.3.jar;C:\apache-maven-3.6.3\apache-maven-3.6.3\repository\io\springfox\springfox-spi\2.9.2\springfox-spi-2.9.2.jar;C:\apache-maven-3.6.3\apache-maven-3.6.3\repository\io\springfox\springfox-core\2.9.2\springfox-core-2.9.2.jar;C:\apache-maven-3.6.3\apache-maven-3.6.3\repository\io\springfox\springfox-schema\2.9.2\springfox-schema-2.9.2.jar;C:\apache-maven-3.6.3\apache-maven-3.6.3\repository\io\springfox\springfox-swagger-common\2.9.2\springfox-swagger-common-2.9.2.jar;C:\apache-maven-3.6.3\apache-maven-3.6.3\repository\io\springfox\springfox-spring-web\2.9.2\springfox-spring-web-2.9.2.jar;C:\apache-maven-3.6.3\apache-maven-3.6.3\repository\com\google\guava\guava\20.0\guava-20.0.jar;C:\apache-maven-3.6.3\apache-maven-3.6.3\repository\com\fasterxml\classmate\1.5.1\classmate-1.5.1.jar;C:\apache-maven-3.6.3\apache-maven-3.6.3\repository\org\springframework\plugin\spring-plugin-core\1.2.0.RELEASE\spring-plugin-core-1.2.0.RELEASE.jar;C:\apache-maven-3.6.3\apache-maven-3.6.3\repository\org\springframework\spring-aop\5.3.7\spring-aop-5.3.7.jar;C:\apache-maven-3.6.3\apache-maven-3.6.3\repository\org\springframework\plugin\spring-plugin-metadata\1.2.0.RELEASE\spring-plugin-metadata-1.2.0.RELEASE.jar;C:\apache-maven-3.6.3\apache-maven-3.6.3\repository\org\mapstruct\mapstruct\1.2.0.Final\mapstruct-1.2.0.Final.jar;C:\apache-maven-3.6.3\apache-maven-3.6.3\repository\io\springfox\springfox-swagger-ui\2.9.2\springfox-swagger-ui-2.9.2.jar;C:\apache-maven-3.6.3\apache-maven-3.6.3\repository\org\projectlombok\lombok\1.18.20\lombok-1.18.20.jar;"/>
    <property name="java.vm.vendor" value="Oracle Corporation"/>
    <property name="sun.arch.data.model" value="64"/>
    <property name="user.variant" value=""/>
    <property name="java.vendor.url" value="https://openjdk.java.net/"/>
    <property name="user.timezone" value="Asia/Shanghai"/>
    <property name="java.vm.specification.version" value="11"/>
    <property name="os.name" value="Windows 10"/>
    <property name="sun.java.launcher" value="SUN_STANDARD"/>
    <property name="user.country" value="CN"/>
    <property name="sun.boot.library.path" value="C:\Java\jdk-11.0.8\bin"/>
    <property name="sun.java.command" value="C:\Users\windo\AppData\Local\Temp\surefire4152450758181747658\surefirebooter12523667778583517750.jar C:\Users\windo\AppData\Local\Temp\surefire4152450758181747658 2021-07-05T23-18-05_272-jvmRun1 surefire2904225164786547540tmp surefire_010942282356260539885tmp"/>
    <property name="jdk.debug" value="release"/>
    <property name="surefire.test.class.path" value="D:\SDN\EndSystem\target\test-classes;D:\SDN\EndSystem\target\classes;C:\apache-maven-3.6.3\apache-maven-3.6.3\repository\io\reactivex\rxjava2\rxjava\2.2.21\rxjava-2.2.21.jar;C:\apache-maven-3.6.3\apache-maven-3.6.3\repository\org\reactivestreams\reactive-streams\1.0.3\reactive-streams-1.0.3.jar;C:\apache-maven-3.6.3\apache-maven-3.6.3\repository\org\springframework\boot\spring-boot-starter-webflux\2.5.0\spring-boot-starter-webflux-2.5.0.jar;C:\apache-maven-3.6.3\apache-maven-3.6.3\repository\org\springframework\boot\spring-boot-starter-json\2.5.0\spring-boot-starter-json-2.5.0.jar;C:\apache-maven-3.6.3\apache-maven-3.6.3\repository\com\fasterxml\jackson\core\jackson-databind\2.12.3\jackson-databind-2.12.3.jar;C:\apache-maven-3.6.3\apache-maven-3.6.3\repository\com\fasterxml\jackson\core\jackson-core\2.12.3\jackson-core-2.12.3.jar;C:\apache-maven-3.6.3\apache-maven-3.6.3\repository\com\fasterxml\jackson\datatype\jackson-datatype-jdk8\2.12.3\jackson-datatype-jdk8-2.12.3.jar;C:\apache-maven-3.6.3\apache-maven-3.6.3\repository\com\fasterxml\jackson\datatype\jackson-datatype-jsr310\2.12.3\jackson-datatype-jsr310-2.12.3.jar;C:\apache-maven-3.6.3\apache-maven-3.6.3\repository\com\fasterxml\jackson\module\jackson-module-parameter-names\2.12.3\jackson-module-parameter-names-2.12.3.jar;C:\apache-maven-3.6.3\apache-maven-3.6.3\repository\org\springframework\boot\spring-boot-starter-reactor-netty\2.5.0\spring-boot-starter-reactor-netty-2.5.0.jar;C:\apache-maven-3.6.3\apache-maven-3.6.3\repository\io\projectreactor\netty\reactor-netty-http\1.0.7\reactor-netty-http-1.0.7.jar;C:\apache-maven-3.6.3\apache-maven-3.6.3\repository\io\netty\netty-codec-http\4.1.65.Final\netty-codec-http-4.1.65.Final.jar;C:\apache-maven-3.6.3\apache-maven-3.6.3\repository\io\netty\netty-common\4.1.65.Final\netty-common-4.1.65.Final.jar;C:\apache-maven-3.6.3\apache-maven-3.6.3\repository\io\netty\netty-buffer\4.1.65.Final\netty-buffer-4.1.65.Final.jar;C:\apache-maven-3.6.3\apache-maven-3.6.3\repository\io\netty\netty-transport\4.1.65.Final\netty-transport-4.1.65.Final.jar;C:\apache-maven-3.6.3\apache-maven-3.6.3\repository\io\netty\netty-codec\4.1.65.Final\netty-codec-4.1.65.Final.jar;C:\apache-maven-3.6.3\apache-maven-3.6.3\repository\io\netty\netty-handler\4.1.65.Final\netty-handler-4.1.65.Final.jar;C:\apache-maven-3.6.3\apache-maven-3.6.3\repository\io\netty\netty-codec-http2\4.1.65.Final\netty-codec-http2-4.1.65.Final.jar;C:\apache-maven-3.6.3\apache-maven-3.6.3\repository\io\netty\netty-resolver-dns\4.1.65.Final\netty-resolver-dns-4.1.65.Final.jar;C:\apache-maven-3.6.3\apache-maven-3.6.3\repository\io\netty\netty-resolver\4.1.65.Final\netty-resolver-4.1.65.Final.jar;C:\apache-maven-3.6.3\apache-maven-3.6.3\repository\io\netty\netty-codec-dns\4.1.65.Final\netty-codec-dns-4.1.65.Final.jar;C:\apache-maven-3.6.3\apache-maven-3.6.3\repository\io\netty\netty-resolver-dns-native-macos\4.1.65.Final\netty-resolver-dns-native-macos-4.1.65.Final-osx-x86_64.jar;C:\apache-maven-3.6.3\apache-maven-3.6.3\repository\io\netty\netty-transport-native-unix-common\4.1.65.Final\netty-transport-native-unix-common-4.1.65.Final.jar;C:\apache-maven-3.6.3\apache-maven-3.6.3\repository\io\netty\netty-transport-native-epoll\4.1.65.Final\netty-transport-native-epoll-4.1.65.Final-linux-x86_64.jar;C:\apache-maven-3.6.3\apache-maven-3.6.3\repository\io\projectreactor\netty\reactor-netty-core\1.0.7\reactor-netty-core-1.0.7.jar;C:\apache-maven-3.6.3\apache-maven-3.6.3\repository\io\netty\netty-handler-proxy\4.1.65.Final\netty-handler-proxy-4.1.65.Final.jar;C:\apache-maven-3.6.3\apache-maven-3.6.3\repository\io\netty\netty-codec-socks\4.1.65.Final\netty-codec-socks-4.1.65.Final.jar;C:\apache-maven-3.6.3\apache-maven-3.6.3\repository\org\springframework\spring-web\5.3.7\spring-web-5.3.7.jar;C:\apache-maven-3.6.3\apache-maven-3.6.3\repository\org\springframework\spring-beans\5.3.7\spring-beans-5.3.7.jar;C:\apache-maven-3.6.3\apache-maven-3.6.3\repository\org\springframework\spring-webflux\5.3.7\spring-webflux-5.3.7.jar;C:\apache-maven-3.6.3\apache-maven-3.6.3\repository\io\projectreactor\reactor-test\3.4.6\reactor-test-3.4.6.jar;C:\apache-maven-3.6.3\apache-maven-3.6.3\repository\io\projectreactor\reactor-core\3.4.6\reactor-core-3.4.6.jar;C:\apache-maven-3.6.3\apache-maven-3.6.3\repository\org\apache\logging\log4j\log4j-jcl\2.12.1\log4j-jcl-2.12.1.jar;C:\apache-maven-3.6.3\apache-maven-3.6.3\repository\commons-logging\commons-logging\1.2\commons-logging-1.2.jar;C:\apache-maven-3.6.3\apache-maven-3.6.3\repository\org\apache\logging\log4j\log4j-api\2.14.1\log4j-api-2.14.1.jar;C:\apache-maven-3.6.3\apache-maven-3.6.3\repository\org\apache\logging\log4j\log4j-core\2.12.1\log4j-core-2.12.1.jar;C:\apache-maven-3.6.3\apache-maven-3.6.3\repository\org\springframework\boot\spring-boot-starter\2.5.0\spring-boot-starter-2.5.0.jar;C:\apache-maven-3.6.3\apache-maven-3.6.3\repository\org\springframework\boot\spring-boot\2.5.0\spring-boot-2.5.0.jar;C:\apache-maven-3.6.3\apache-maven-3.6.3\repository\org\springframework\spring-context\5.3.7\spring-context-5.3.7.jar;C:\apache-maven-3.6.3\apache-maven-3.6.3\repository\org\springframework\spring-expression\5.3.7\spring-expression-5.3.7.jar;C:\apache-maven-3.6.3\apache-maven-3.6.3\repository\org\springframework\boot\spring-boot-autoconfigure\2.5.0\spring-boot-autoconfigure-2.5.0.jar;C:\apache-maven-3.6.3\apache-maven-3.6.3\repository\org\springframework\boot\spring-boot-starter-logging\2.5.0\spring-boot-starter-logging-2.5.0.jar;C:\apache-maven-3.6.3\apache-maven-3.6.3\repository\ch\qos\logback\logback-classic\1.2.3\logback-classic-1.2.3.jar;C:\apache-maven-3.6.3\apache-maven-3.6.3\repository\ch\qos\logback\logback-core\1.2.3\logback-core-1.2.3.jar;C:\apache-maven-3.6.3\apache-maven-3.6.3\repository\org\apache\logging\log4j\log4j-to-slf4j\2.14.1\log4j-to-slf4j-2.14.1.jar;C:\apache-maven-3.6.3\apache-maven-3.6.3\repository\org\slf4j\jul-to-slf4j\1.7.30\jul-to-slf4j-1.7.30.jar;C:\apache-maven-3.6.3\apache-maven-3.6.3\repository\jakarta\annotation\jakarta.annotation-api\1.3.5\jakarta.annotation-api-1.3.5.jar;C:\apache-maven-3.6.3\apache-maven-3.6.3\repository\org\springframework\spring-core\5.3.7\spring-core-5.3.7.jar;C:\apache-maven-3.6.3\apache-maven-3.6.3\repository\org\springframework\spring-jcl\5.3.7\spring-jcl-5.3.7.jar;C:\apache-maven-3.6.3\apache-maven-3.6.3\repository\org\yaml\snakeyaml\1.28\snakeyaml-1.28.jar;C:\apache-maven-3.6.3\apache-maven-3.6.3\repository\org\mybatis\spring\boot\mybatis-spring-boot-starter\2.1.3\mybatis-spring-boot-starter-2.1.3.jar;C:\apache-maven-3.6.3\apache-maven-3.6.3\repository\org\springframework\boot\spring-boot-starter-jdbc\2.5.0\spring-boot-starter-jdbc-2.5.0.jar;C:\apache-maven-3.6.3\apache-maven-3.6.3\repository\com\zaxxer\HikariCP\4.0.3\HikariCP-4.0.3.jar;C:\apache-maven-3.6.3\apache-maven-3.6.3\repository\org\springframework\spring-jdbc\5.3.7\spring-jdbc-5.3.7.jar;C:\apache-maven-3.6.3\apache-maven-3.6.3\repository\org\springframework\spring-tx\5.3.7\spring-tx-5.3.7.jar;C:\apache-maven-3.6.3\apache-maven-3.6.3\repository\org\mybatis\spring\boot\mybatis-spring-boot-autoconfigure\2.1.3\mybatis-spring-boot-autoconfigure-2.1.3.jar;C:\apache-maven-3.6.3\apache-maven-3.6.3\repository\org\mybatis\mybatis\3.5.5\mybatis-3.5.5.jar;C:\apache-maven-3.6.3\apache-maven-3.6.3\repository\org\mybatis\mybatis-spring\2.0.5\mybatis-spring-2.0.5.jar;C:\apache-maven-3.6.3\apache-maven-3.6.3\repository\mysql\mysql-connector-java\8.0.25\mysql-connector-java-8.0.25.jar;C:\apache-maven-3.6.3\apache-maven-3.6.3\repository\com\alibaba\druid\1.1.21\druid-1.1.21.jar;C:\apache-maven-3.6.3\apache-maven-3.6.3\repository\com\alibaba\druid-spring-boot-starter\1.1.21\druid-spring-boot-starter-1.1.21.jar;C:\apache-maven-3.6.3\apache-maven-3.6.3\repository\org\slf4j\slf4j-api\1.7.30\slf4j-api-1.7.30.jar;C:\apache-maven-3.6.3\apache-maven-3.6.3\repository\log4j\log4j\1.2.17\log4j-1.2.17.jar;C:\apache-maven-3.6.3\apache-maven-3.6.3\repository\org\springframework\boot\spring-boot-starter-test\2.5.0\spring-boot-starter-test-2.5.0.jar;C:\apache-maven-3.6.3\apache-maven-3.6.3\repository\org\springframework\boot\spring-boot-test\2.5.0\spring-boot-test-2.5.0.jar;C:\apache-maven-3.6.3\apache-maven-3.6.3\repository\org\springframework\boot\spring-boot-test-autoconfigure\2.5.0\spring-boot-test-autoconfigure-2.5.0.jar;C:\apache-maven-3.6.3\apache-maven-3.6.3\repository\com\jayway\jsonpath\json-path\2.5.0\json-path-2.5.0.jar;C:\apache-maven-3.6.3\apache-maven-3.6.3\repository\net\minidev\json-smart\2.4.7\json-smart-2.4.7.jar;C:\apache-maven-3.6.3\apache-maven-3.6.3\repository\net\minidev\accessors-smart\2.4.7\accessors-smart-2.4.7.jar;C:\apache-maven-3.6.3\apache-maven-3.6.3\repository\org\ow2\asm\asm\9.1\asm-9.1.jar;C:\apache-maven-3.6.3\apache-maven-3.6.3\repository\jakarta\xml\bind\jakarta.xml.bind-api\2.3.3\jakarta.xml.bind-api-2.3.3.jar;C:\apache-maven-3.6.3\apache-maven-3.6.3\repository\jakarta\activation\jakarta.activation-api\1.2.2\jakarta.activation-api-1.2.2.jar;C:\apache-maven-3.6.3\apache-maven-3.6.3\repository\org\assertj\assertj-core\3.19.0\assertj-core-3.19.0.jar;C:\apache-maven-3.6.3\apache-maven-3.6.3\repository\org\hamcrest\hamcrest\2.2\hamcrest-2.2.jar;C:\apache-maven-3.6.3\apache-maven-3.6.3\repository\org\junit\jupiter\junit-jupiter\5.7.2\junit-jupiter-5.7.2.jar;C:\apache-maven-3.6.3\apache-maven-3.6.3\repository\org\junit\jupiter\junit-jupiter-api\5.7.2\junit-jupiter-api-5.7.2.jar;C:\apache-maven-3.6.3\apache-maven-3.6.3\repository\org\apiguardian\apiguardian-api\1.1.0\apiguardian-api-1.1.0.jar;C:\apache-maven-3.6.3\apache-maven-3.6.3\repository\org\opentest4j\opentest4j\1.2.0\opentest4j-1.2.0.jar;C:\apache-maven-3.6.3\apache-maven-3.6.3\repository\org\junit\platform\junit-platform-commons\1.7.2\junit-platform-commons-1.7.2.jar;C:\apache-maven-3.6.3\apache-maven-3.6.3\repository\org\junit\jupiter\junit-jupiter-params\5.7.2\junit-jupiter-params-5.7.2.jar;C:\apache-maven-3.6.3\apache-maven-3.6.3\repository\org\junit\jupiter\junit-jupiter-engine\5.7.2\junit-jupiter-engine-5.7.2.jar;C:\apache-maven-3.6.3\apache-maven-3.6.3\repository\org\junit\platform\junit-platform-engine\1.7.2\junit-platform-engine-1.7.2.jar;C:\apache-maven-3.6.3\apache-maven-3.6.3\repository\org\mockito\mockito-core\3.9.0\mockito-core-3.9.0.jar;C:\apache-maven-3.6.3\apache-maven-3.6.3\repository\net\bytebuddy\byte-buddy\1.10.22\byte-buddy-1.10.22.jar;C:\apache-maven-3.6.3\apache-maven-3.6.3\repository\net\bytebuddy\byte-buddy-agent\1.10.22\byte-buddy-agent-1.10.22.jar;C:\apache-maven-3.6.3\apache-maven-3.6.3\repository\org\objenesis\objenesis\3.2\objenesis-3.2.jar;C:\apache-maven-3.6.3\apache-maven-3.6.3\repository\org\mockito\mockito-junit-jupiter\3.9.0\mockito-junit-jupiter-3.9.0.jar;C:\apache-maven-3.6.3\apache-maven-3.6.3\repository\org\skyscreamer\jsonassert\1.5.0\jsonassert-1.5.0.jar;C:\apache-maven-3.6.3\apache-maven-3.6.3\repository\com\vaadin\external\google\android-json\0.0.20131108.vaadin1\android-json-0.0.20131108.vaadin1.jar;C:\apache-maven-3.6.3\apache-maven-3.6.3\repository\org\springframework\spring-test\5.3.7\spring-test-5.3.7.jar;C:\apache-maven-3.6.3\apache-maven-3.6.3\repository\org\xmlunit\xmlunit-core\2.8.2\xmlunit-core-2.8.2.jar;C:\apache-maven-3.6.3\apache-maven-3.6.3\repository\org\springframework\boot\spring-boot-maven-plugin\2.5.0\spring-boot-maven-plugin-2.5.0.jar;C:\apache-maven-3.6.3\apache-maven-3.6.3\repository\org\springframework\boot\spring-boot-buildpack-platform\2.5.0\spring-boot-buildpack-platform-2.5.0.jar;C:\apache-maven-3.6.3\apache-maven-3.6.3\repository\net\java\dev\jna\jna-platform\5.7.0\jna-platform-5.7.0.jar;C:\apache-maven-3.6.3\apache-maven-3.6.3\repository\net\java\dev\jna\jna\5.7.0\jna-5.7.0.jar;C:\apache-maven-3.6.3\apache-maven-3.6.3\repository\org\apache\commons\commons-compress\1.20\commons-compress-1.20.jar;C:\apache-maven-3.6.3\apache-maven-3.6.3\repository\org\apache\httpcomponents\httpclient\4.5.13\httpclient-4.5.13.jar;C:\apache-maven-3.6.3\apache-maven-3.6.3\repository\org\apache\httpcomponents\httpcore\4.4.14\httpcore-4.4.14.jar;C:\apache-maven-3.6.3\apache-maven-3.6.3\repository\commons-codec\commons-codec\1.15\commons-codec-1.15.jar;C:\apache-maven-3.6.3\apache-maven-3.6.3\repository\org\tomlj\tomlj\1.0.0\tomlj-1.0.0.jar;C:\apache-maven-3.6.3\apache-maven-3.6.3\repository\org\antlr\antlr4-runtime\4.7.2\antlr4-runtime-4.7.2.jar;C:\apache-maven-3.6.3\apache-maven-3.6.3\repository\com\google\code\findbugs\jsr305\3.0.2\jsr305-3.0.2.jar;C:\apache-maven-3.6.3\apache-maven-3.6.3\repository\org\springframework\boot\spring-boot-loader-tools\2.5.0\spring-boot-loader-tools-2.5.0.jar;C:\apache-maven-3.6.3\apache-maven-3.6.3\repository\org\apache\maven\shared\maven-common-artifact-filters\3.2.0\maven-common-artifact-filters-3.2.0.jar;C:\apache-maven-3.6.3\apache-maven-3.6.3\repository\org\apache\maven\maven-artifact\3.1.1\maven-artifact-3.1.1.jar;C:\apache-maven-3.6.3\apache-maven-3.6.3\repository\org\apache\maven\maven-model\3.1.1\maven-model-3.1.1.jar;C:\apache-maven-3.6.3\apache-maven-3.6.3\repository\org\apache\maven\maven-core\3.1.1\maven-core-3.1.1.jar;C:\apache-maven-3.6.3\apache-maven-3.6.3\repository\org\apache\maven\maven-settings\3.1.1\maven-settings-3.1.1.jar;C:\apache-maven-3.6.3\apache-maven-3.6.3\repository\org\apache\maven\maven-settings-builder\3.1.1\maven-settings-builder-3.1.1.jar;C:\apache-maven-3.6.3\apache-maven-3.6.3\repository\org\apache\maven\maven-repository-metadata\3.1.1\maven-repository-metadata-3.1.1.jar;C:\apache-maven-3.6.3\apache-maven-3.6.3\repository\org\apache\maven\maven-model-builder\3.1.1\maven-model-builder-3.1.1.jar;C:\apache-maven-3.6.3\apache-maven-3.6.3\repository\org\apache\maven\maven-aether-provider\3.1.1\maven-aether-provider-3.1.1.jar;C:\apache-maven-3.6.3\apache-maven-3.6.3\repository\org\eclipse\aether\aether-spi\0.9.0.M2\aether-spi-0.9.0.M2.jar;C:\apache-maven-3.6.3\apache-maven-3.6.3\repository\org\eclipse\aether\aether-impl\0.9.0.M2\aether-impl-0.9.0.M2.jar;C:\apache-maven-3.6.3\apache-maven-3.6.3\repository\org\codehaus\plexus\plexus-interpolation\1.19\plexus-interpolation-1.19.jar;C:\apache-maven-3.6.3\apache-maven-3.6.3\repository\org\codehaus\plexus\plexus-component-annotations\1.5.5\plexus-component-annotations-1.5.5.jar;C:\apache-maven-3.6.3\apache-maven-3.6.3\repository\org\sonatype\plexus\plexus-sec-dispatcher\1.3\plexus-sec-dispatcher-1.3.jar;C:\apache-maven-3.6.3\apache-maven-3.6.3\repository\org\sonatype\plexus\plexus-cipher\1.4\plexus-cipher-1.4.jar;C:\apache-maven-3.6.3\apache-maven-3.6.3\repository\commons-io\commons-io\2.6\commons-io-2.6.jar;C:\apache-maven-3.6.3\apache-maven-3.6.3\repository\org\eclipse\aether\aether-api\0.9.0.M2\aether-api-0.9.0.M2.jar;C:\apache-maven-3.6.3\apache-maven-3.6.3\repository\org\eclipse\aether\aether-util\0.9.0.M2\aether-util-0.9.0.M2.jar;C:\apache-maven-3.6.3\apache-maven-3.6.3\repository\org\eclipse\sisu\org.eclipse.sisu.plexus\0.0.0.M5\org.eclipse.sisu.plexus-0.0.0.M5.jar;C:\apache-maven-3.6.3\apache-maven-3.6.3\repository\javax\enterprise\cdi-api\1.0\cdi-api-1.0.jar;C:\apache-maven-3.6.3\apache-maven-3.6.3\repository\javax\annotation\jsr250-api\1.0\jsr250-api-1.0.jar;C:\apache-maven-3.6.3\apache-maven-3.6.3\repository\javax\inject\javax.inject\1\javax.inject-1.jar;C:\apache-maven-3.6.3\apache-maven-3.6.3\repository\org\sonatype\sisu\sisu-guice\3.1.0\sisu-guice-3.1.0-no_aop.jar;C:\apache-maven-3.6.3\apache-maven-3.6.3\repository\aopalliance\aopalliance\1.0\aopalliance-1.0.jar;C:\apache-maven-3.6.3\apache-maven-3.6.3\repository\org\eclipse\sisu\org.eclipse.sisu.inject\0.0.0.M5\org.eclipse.sisu.inject-0.0.0.M5.jar;C:\apache-maven-3.6.3\apache-maven-3.6.3\repository\org\apache\maven\shared\maven-shared-utils\3.3.3\maven-shared-utils-3.3.3.jar;C:\apache-maven-3.6.3\apache-maven-3.6.3\repository\org\apache\maven\maven-plugin-api\3.6.3\maven-plugin-api-3.6.3.jar;C:\apache-maven-3.6.3\apache-maven-3.6.3\repository\org\codehaus\plexus\plexus-utils\3.2.1\plexus-utils-3.2.1.jar;C:\apache-maven-3.6.3\apache-maven-3.6.3\repository\org\codehaus\plexus\plexus-classworlds\2.6.0\plexus-classworlds-2.6.0.jar;C:\apache-maven-3.6.3\apache-maven-3.6.3\repository\org\sonatype\plexus\plexus-build-api\0.0.7\plexus-build-api-0.0.7.jar;C:\apache-maven-3.6.3\apache-maven-3.6.3\repository\org\mybatis\generator\mybatis-generator-core\1.3.5\mybatis-generator-core-1.3.5.jar;C:\apache-maven-3.6.3\apache-maven-3.6.3\repository\io\springfox\springfox-swagger2\2.9.2\springfox-swagger2-2.9.2.jar;C:\apache-maven-3.6.3\apache-maven-3.6.3\repository\io\swagger\swagger-annotations\1.5.20\swagger-annotations-1.5.20.jar;C:\apache-maven-3.6.3\apache-maven-3.6.3\repository\io\swagger\swagger-models\1.5.20\swagger-models-1.5.20.jar;C:\apache-maven-3.6.3\apache-maven-3.6.3\repository\com\fasterxml\jackson\core\jackson-annotations\2.12.3\jackson-annotations-2.12.3.jar;C:\apache-maven-3.6.3\apache-maven-3.6.3\repository\io\springfox\springfox-spi\2.9.2\springfox-spi-2.9.2.jar;C:\apache-maven-3.6.3\apache-maven-3.6.3\repository\io\springfox\springfox-core\2.9.2\springfox-core-2.9.2.jar;C:\apache-maven-3.6.3\apache-maven-3.6.3\repository\io\springfox\springfox-schema\2.9.2\springfox-schema-2.9.2.jar;C:\apache-maven-3.6.3\apache-maven-3.6.3\repository\io\springfox\springfox-swagger-common\2.9.2\springfox-swagger-common-2.9.2.jar;C:\apache-maven-3.6.3\apache-maven-3.6.3\repository\io\springfox\springfox-spring-web\2.9.2\springfox-spring-web-2.9.2.jar;C:\apache-maven-3.6.3\apache-maven-3.6.3\repository\com\google\guava\guava\20.0\guava-20.0.jar;C:\apache-maven-3.6.3\apache-maven-3.6.3\repository\com\fasterxml\classmate\1.5.1\classmate-1.5.1.jar;C:\apache-maven-3.6.3\apache-maven-3.6.3\repository\org\springframework\plugin\spring-plugin-core\1.2.0.RELEASE\spring-plugin-core-1.2.0.RELEASE.jar;C:\apache-maven-3.6.3\apache-maven-3.6.3\repository\org\springframework\spring-aop\5.3.7\spring-aop-5.3.7.jar;C:\apache-maven-3.6.3\apache-maven-3.6.3\repository\org\springframework\plugin\spring-plugin-metadata\1.2.0.RELEASE\spring-plugin-metadata-1.2.0.RELEASE.jar;C:\apache-maven-3.6.3\apache-maven-3.6.3\repository\org\mapstruct\mapstruct\1.2.0.Final\mapstruct-1.2.0.Final.jar;C:\apache-maven-3.6.3\apache-maven-3.6.3\repository\io\springfox\springfox-swagger-ui\2.9.2\springfox-swagger-ui-2.9.2.jar;C:\apache-maven-3.6.3\apache-maven-3.6.3\repository\org\projectlombok\lombok\1.18.20\lombok-1.18.20.jar;"/>
    <property name="sun.cpu.endian" value="little"/>
    <property name="user.home" value="C:\Users\windo"/>
    <property name="user.language" value="zh"/>
    <property name="java.specification.vendor" value="Oracle Corporation"/>
    <property name="java.version.date" value="2020-07-14"/>
    <property name="java.home" value="C:\Java\jdk-11.0.8"/>
    <property name="file.separator" value="\"/>
    <property name="basedir" value="D:\SDN\EndSystem"/>
    <property name="java.vm.compressedOopsMode" value="Zero based"/>
    <property name="line.separator" value="&#10;"/>
    <property name="java.specification.name" value="Java Platform API Specification"/>
    <property name="java.vm.specification.vendor" value="Oracle Corporation"/>
    <property name="java.awt.graphicsenv" value="sun.awt.Win32GraphicsEnvironment"/>
    <property name="surefire.real.class.path" value="C:\Users\windo\AppData\Local\Temp\surefire4152450758181747658\surefirebooter12523667778583517750.jar"/>
    <property name="user.script" value=""/>
    <property name="sun.management.compiler" value="HotSpot 64-Bit Tiered Compilers"/>
    <property name="java.runtime.version" value="11.0.8+10-LTS"/>
    <property name="user.name" value="windo"/>
    <property name="path.separator" value=";"/>
    <property name="os.version" value="10.0"/>
    <property name="java.runtime.name" value="Java(TM) SE Runtime Environment"/>
    <property name="file.encoding" value="GBK"/>
    <property name="java.vm.name" value="Java HotSpot(TM) 64-Bit Server VM"/>
    <property name="java.vendor.version" value="18.9"/>
    <property name="localRepository" value="C:\apache-maven-3.6.3\apache-maven-3.6.3\repository"/>
    <property name="java.vendor.url.bug" value="https://bugreport.java.com/bugreport/"/>
    <property name="java.io.tmpdir" value="C:\Users\windo\AppData\Local\Temp\"/>
    <property name="idea.version" value="2021.1.1"/>
    <property name="java.version" value="11.0.8"/>
    <property name="user.dir" value="D:\SDN\EndSystem"/>
    <property name="os.arch" value="amd64"/>
    <property name="java.vm.specification.name" value="Java Virtual Machine Specification"/>
    <property name="java.awt.printerjob" value="sun.awt.windows.WPrinterJob"/>
    <property name="sun.os.patch.level" value=""/>
    <property name="java.library.path" value="C:\Java\jdk-11.0.8\bin;C:\WINDOWS\Sun\Java\bin;C:\WINDOWS\system32;C:\WINDOWS;C:\strawberry\c\bin;C:\strawberry\perl\bin;C:\Program Files (x86)\VMware\VMware Workstation\bin\;C:\Program Files (x86)\Common Files\Oracle\Java\javapath;C:\Program Files (x86)\NetSarang\Xshell 6\;C:\Program Files (x86)\NetSarang\Xftp 6\;C:\Java\jdk-11.0.8\bin;C:\Go\bin;C:\WINDOWS\system32;C:\WINDOWS;C:\WINDOWS\System32\Wbem;C:\WINDOWS\System32\WindowsPowerShell\v1.0\;C:\WINDOWS\System32\OpenSSH\;C:\Program Files\Intel\WiFi\bin\;C:\Program Files\Common Files\Intel\WirelessCommon\;C:\Program Files\Git\cmd;C:\Program Files\Git\mingw64\bin;C:\Program Files\Git\usr\bin;C:\Program Files\nodejs\;C:\Program Files\MATLAB\R2016b\runtime\win64;C:\Program Files\MATLAB\R2016b\bin;C:\Program Files\MATLAB\R2016b\polyspace\bin;C:\Program Files\NVIDIA Corporation\NVIDIA NvDLISR;C:\apache-maven-3.6.3\apache-maven-3.6.3\bin;C:\Program Files\Docker\Docker\resources\bin;C:\ProgramData\DockerDesktop\version-bin;C:\WINDOWS\system32;C:\WINDOWS;C:\WINDOWS\System32\Wbem;C:\WINDOWS\System32\WindowsPowerShell\v1.0\;C:\WINDOWS\System32\OpenSSH\;C:\Program Files\MySQL\MySQL Shell 8.0\bin\;C:\Users\windo\AppData\Local\Microsoft\WindowsApps;C:\Users\windo\AppData\Roaming\npm;C:\VScode\Microsoft VS Code\bin;C:\jetbrains\IntelliJ IDEA 2020.2.2\bin;;C:\jetbrains\CLion 2020.2.3\bin;;C:\jetbrains\GoLand 2020.2.3\bin;;C:\jetbrains\PyCharm 2020.2.2\bin;;C:\Users\windo\go\bin;C:\Java\Spring5.2.9\gradle-6.8.3\bin;;."/>
    <property name="java.vendor" value="Oracle Corporation"/>
    <property name="java.vm.info" value="mixed mode"/>
    <property name="java.vm.version" value="11.0.8+10-LTS"/>
    <property name="sun.io.unicode.encoding" value="UnicodeLittle"/>
    <property name="java.class.version" value="55.0"/>
  </properties>
  <testcase name="contextLoads" classname="com.endsystem.EndSystemApplicationTests" time="0.539"/>
</testsuite>